#
# There is insufficient memory for the Java Runtime Environment to continue.
# Native memory allocation (mmap) failed to map 25165824 bytes for Failed to commit area from 0x00000000a7400000 to 0x00000000a8c00000 of length 25165824.
# Possible reasons:
#   The system is out of physical RAM or swap space
#   The process is running with CompressedOops enabled, and the Java Heap may be blocking the growth of the native heap
# Possible solutions:
#   Reduce memory load on the system
#   Increase physical memory or swap space
#   Check if swap backing store is full
#   Decrease Java heap size (-Xmx/-Xms)
#   Decrease number of Java threads
#   Decrease Java thread stack sizes (-Xss)
#   Set larger code cache with -XX:ReservedCodeCacheSize=
#   JVM is running with Unscaled Compressed Oops mode in which the Java heap is
#     placed in the first 4GB address space. The Java Heap base address is the
#     maximum limit for the native heap growth. Please use -XX:HeapBaseMinAddress
#     to set the Java Heap base and to place the Java Heap above 4GB virtual address.
# This output file may be truncated or incomplete.
#
#  Out of Memory Error (./src/hotspot/os/windows/os_windows.cpp:3521), pid=50580, tid=59724
#
# JRE version: OpenJDK Runtime Environment (11.0.12+7) (build 11.0.12+7-b1504.28-7817840)
# Java VM: OpenJDK 64-Bit Server VM (11.0.12+7-b1504.28-7817840, mixed mode, tiered, compressed oops, g1 gc, windows-amd64)
# No core dump will be written. Minidumps are not enabled by default on client versions of Windows
#

---------------  S U M M A R Y ------------

Command Line: --add-opens=java.base/java.util=ALL-UNNAMED --add-opens=java.base/java.lang=ALL-UNNAMED --add-opens=java.base/java.lang.invoke=ALL-UNNAMED --add-opens=java.base/java.util=ALL-UNNAMED --add-opens=java.prefs/java.util.prefs=ALL-UNNAMED --add-opens=java.prefs/java.util.prefs=ALL-UNNAMED --add-opens=java.base/java.nio.charset=ALL-UNNAMED --add-opens=java.base/java.net=ALL-UNNAMED --add-opens=java.base/java.util.concurrent.atomic=ALL-UNNAMED -Xmx1536M -Dfile.encoding=windows-1252 -Duser.country=US -Duser.language=en -Duser.variant org.gradle.launcher.daemon.bootstrap.GradleDaemon 7.4

Host: AMD Ryzen 5 5500U with Radeon Graphics         , 12 cores, 5G,  Windows 10 , 64 bit Build 22000 (10.0.22000.708)
Time: Sat Aug  6 12:15:01 2022 India Standard Time elapsed time: 94.055059 seconds (0d 0h 1m 34s)

---------------  T H R E A D  ---------------

Current thread (0x000001f06438c000):  VMThread "VM Thread" [stack: 0x000000677e900000,0x000000677ea00000] [id=59724]

Stack: [0x000000677e900000,0x000000677ea00000]
[error occurred during error reporting (printing stack bounds), id 0xc0000005, EXCEPTION_ACCESS_VIOLATION (0xc0000005) at pc=0x000001f04e13112d]

Native frames: (J=compiled Java code, j=interpreted, Vv=VM code, C=native code)
V  [jvm.dll+0x5fbcea]
V  [jvm.dll+0x731905]
V  [jvm.dll+0x732f1d]
V  [jvm.dll+0x733535]
V  [jvm.dll+0x7334eb]
V  [jvm.dll+0x5fb080]
V  [jvm.dll+0x5fb818]
C  [ntdll.dll+0xa8eaf]
C  [ntdll.dll+0x35e9a]
C  [ntdll.dll+0xa7ebe]
C  0x000001f04e13112d

VM_Operation (0x000000677fcf1100): G1CollectForAllocation, mode: safepoint, requested by thread 0x000001f066783800


---------------  P R O C E S S  ---------------

Threads class SMR info:
_java_thread_list=0x000001f06b64cd80, length=167, elements={
0x000001f048e4f800, 0x000001f0643b1000, 0x000001f0643b9800, 0x000001f0643d1800,
0x000001f0643d2800, 0x000001f0643d3800, 0x000001f0643d8800, 0x000001f0643e1800,
0x000001f0643e6000, 0x000001f064e9e000, 0x000001f06654d800, 0x000001f066038800,
0x000001f066787800, 0x000001f065a75000, 0x000001f066384800, 0x000001f065a9d800,
0x000001f066783800, 0x000001f065fa9000, 0x000001f065faa000, 0x000001f0664cb000,
0x000001f0664ca000, 0x000001f0664cb800, 0x000001f0664c9000, 0x000001f0664c7000,
0x000001f0664c6000, 0x000001f0664cc800, 0x000001f0664c7800, 0x000001f0664c8800,
0x000001f067a7c800, 0x000001f067a77800, 0x000001f067a7a000, 0x000001f067a78800,
0x000001f067a76800, 0x000001f067a7e000, 0x000001f067a7f000, 0x000001f067a7b000,
0x000001f067a79000, 0x000001f067a85800, 0x000001f067a82000, 0x000001f067a83000,
0x000001f067a81800, 0x000001f067a84000, 0x000001f067a84800, 0x000001f067a7f800,
0x000001f067a80800, 0x000001f06906c000, 0x000001f069069000, 0x000001f06906b800,
0x000001f069069800, 0x000001f06906a800, 0x000001f06906d000, 0x000001f06906e000,
0x000001f069068000, 0x000001f069072000, 0x000001f069072800, 0x000001f06906f800,
0x000001f069073800, 0x000001f069074800, 0x000001f06906e800, 0x000001f069075000,
0x000001f069076000, 0x000001f069070800, 0x000001f069077000, 0x000001f069071000,
0x000001f067608800, 0x000001f067606000, 0x000001f067604800, 0x000001f06760b000,
0x000001f06760a000, 0x000001f067609000, 0x000001f067605000, 0x000001f06760b800,
0x000001f06760c800, 0x000001f067606800, 0x000001f06760d800, 0x000001f067607800,
0x000001f067612000, 0x000001f067611800, 0x000001f067610800, 0x000001f06760e000,
0x000001f067613000, 0x000001f06760f000, 0x000001f06760f800, 0x000001f0674be000,
0x000001f0674bc800, 0x000001f0674bd000, 0x000001f0674be800, 0x000001f0674b9000,
0x000001f0674bf800, 0x000001f0674bb800, 0x000001f0674ba000, 0x000001f0674c0800,
0x000001f0674ba800, 0x000001f0674c6000, 0x000001f0674c3800, 0x000001f0674c7000,
0x000001f0674c1000, 0x000001f0674c7800, 0x000001f0674c2000, 0x000001f0674c3000,
0x000001f0674c4800, 0x000001f0674c5800, 0x000001f068da3800, 0x000001f068da6000,
0x000001f068da3000, 0x000001f068da5000, 0x000001f068da4800, 0x000001f068da2000,
0x000001f068da0800, 0x000001f068da7000, 0x000001f068da1000, 0x000001f068dab000,
0x000001f068da7800, 0x000001f068dab800, 0x000001f068dad800, 0x000001f068dae000,
0x000001f068da8800, 0x000001f068dac800, 0x000001f068daf000, 0x000001f068da9800,
0x000001f068daa000, 0x000001f06ab05800, 0x000001f06ab05000, 0x000001f06ab06800,
0x000001f06ab02800, 0x000001f06ab03000, 0x000001f06ab00800, 0x000001f06ab04000,
0x000001f06ab07000, 0x000001f06ab01800, 0x000001f06ab0d800, 0x000001f06ab0b800,
0x000001f06ab09800, 0x000001f06ab08000, 0x000001f06ab09000, 0x000001f06ab0a800,
0x000001f06ab0f800, 0x000001f06ab0c000, 0x000001f06ab0d000, 0x000001f06ab0e800,
0x000001f06ab3b000, 0x000001f06ab41800, 0x000001f06ab3c800, 0x000001f06ab3b800,
0x000001f06ab42000, 0x000001f06ab43000, 0x000001f06ab3d800, 0x000001f06ab44000,
0x000001f06ab3e000, 0x000001f06ab44800, 0x000001f06ab3f000, 0x000001f06ab45800,
0x000001f06ab3f800, 0x000001f06ab46800, 0x000001f06ab40800, 0x000001f06ab48800,
0x000001f06ab47000, 0x000001f06ab48000, 0x000001f06ab49800, 0x000001f066491000,
0x000001f066490000, 0x000001f066495000, 0x000001f066492000, 0x000001f06648f800,
0x000001f066496000, 0x000001f066494000, 0x000001f066496800
}

Java Threads: ( => current thread )
  0x000001f048e4f800 JavaThread "main" [_thread_blocked, id=58976, stack(0x000000677e300000,0x000000677e400000)]
  0x000001f0643b1000 JavaThread "Reference Handler" daemon [_thread_blocked, id=60256, stack(0x000000677ea00000,0x000000677eb00000)]
  0x000001f0643b9800 JavaThread "Finalizer" daemon [_thread_blocked, id=56912, stack(0x000000677eb00000,0x000000677ec00000)]
  0x000001f0643d1800 JavaThread "Signal Dispatcher" daemon [_thread_blocked, id=59568, stack(0x000000677ec00000,0x000000677ed00000)]
  0x000001f0643d2800 JavaThread "Attach Listener" daemon [_thread_blocked, id=59712, stack(0x000000677ed00000,0x000000677ee00000)]
  0x000001f0643d3800 JavaThread "Service Thread" daemon [_thread_blocked, id=58680, stack(0x000000677ee00000,0x000000677ef00000)]
  0x000001f0643d8800 JavaThread "C2 CompilerThread0" daemon [_thread_in_native, id=55512, stack(0x000000677ef00000,0x000000677f000000)]
  0x000001f0643e1800 JavaThread "C1 CompilerThread0" daemon [_thread_blocked, id=55188, stack(0x000000677f000000,0x000000677f100000)]
  0x000001f0643e6000 JavaThread "Sweeper thread" daemon [_thread_blocked, id=57616, stack(0x000000677f100000,0x000000677f200000)]
  0x000001f064e9e000 JavaThread "Common-Cleaner" daemon [_thread_blocked, id=60048, stack(0x000000677f200000,0x000000677f300000)]
  0x000001f06654d800 JavaThread "Daemon health stats" [_thread_blocked, id=46700, stack(0x000000677f600000,0x000000677f700000)]
  0x000001f066038800 JavaThread "Incoming local TCP Connector on port 57415" [_thread_in_native, id=59824, stack(0x000000677f700000,0x000000677f800000)]
  0x000001f066787800 JavaThread "Daemon periodic checks" [_thread_blocked, id=54680, stack(0x000000677f800000,0x000000677f900000)]
  0x000001f065a75000 JavaThread "Daemon" [_thread_blocked, id=59944, stack(0x000000677f900000,0x000000677fa00000)]
  0x000001f066384800 JavaThread "Handler for socket connection from /127.0.0.1:57415 to /127.0.0.1:57416" [_thread_in_native, id=20064, stack(0x000000677fa00000,0x000000677fb00000)]
  0x000001f065a9d800 JavaThread "Cancel handler" [_thread_blocked, id=59464, stack(0x000000677fb00000,0x000000677fc00000)]
  0x000001f066783800 JavaThread "Daemon worker" [_thread_blocked, id=59476, stack(0x000000677fc00000,0x000000677fd00000)]
  0x000001f065fa9000 JavaThread "Asynchronous log dispatcher for DefaultDaemonConnection: socket connection from /127.0.0.1:57415 to /127.0.0.1:57416" [_thread_blocked, id=52328, stack(0x000000677fd00000,0x000000677fe00000)]
  0x000001f065faa000 JavaThread "Stdin handler" [_thread_blocked, id=39988, stack(0x000000677fe00000,0x000000677ff00000)]
  0x000001f0664cb000 JavaThread "Daemon client event forwarder" [_thread_blocked, id=58504, stack(0x000000677ff00000,0x0000006780000000)]
  0x000001f0664ca000 JavaThread "Cache worker for journal cache (C:\Users\kishore\.gradle\caches\journal-1)" [_thread_blocked, id=59660, stack(0x0000006700000000,0x0000006700100000)]
  0x000001f0664cb800 JavaThread "File lock request listener" [_thread_in_native, id=56188, stack(0x0000006700100000,0x0000006700200000)]
  0x000001f0664c9000 JavaThread "Cache worker for file hash cache (C:\Users\kishore\.gradle\caches\7.4\fileHashes)" [_thread_blocked, id=48860, stack(0x0000006700200000,0x0000006700300000)]
  0x000001f0664c7000 JavaThread "File watcher server" daemon [_thread_in_native, id=38468, stack(0x0000006700d00000,0x0000006700e00000)]
  0x000001f0664c6000 JavaThread "File watcher consumer" daemon [_thread_blocked, id=35564, stack(0x0000006700e00000,0x0000006700f00000)]
  0x000001f0664cc800 JavaThread "Cache worker for checksums cache (D:\Flutter\my_kec\android\.gradle\7.4\checksums)" [_thread_blocked, id=47412, stack(0x0000006700f00000,0x0000006701000000)]
  0x000001f0664c7800 JavaThread "Cache worker for cache directory md-rule (C:\Users\kishore\.gradle\caches\7.4\md-rule)" [_thread_blocked, id=52660, stack(0x0000006701000000,0x0000006701100000)]
  0x000001f0664c8800 JavaThread "Cache worker for file hash cache (D:\Flutter\my_kec\android\.gradle\7.4\fileHashes)" [_thread_blocked, id=57376, stack(0x0000006701100000,0x0000006701200000)]
  0x000001f067a7c800 JavaThread "Cache worker for cache directory md-supplier (C:\Users\kishore\.gradle\caches\7.4\md-supplier)" [_thread_blocked, id=53472, stack(0x0000006701200000,0x0000006701300000)]
  0x000001f067a77800 JavaThread "Cache worker for execution history cache (C:\Users\kishore\.gradle\caches\7.4\executionHistory)" [_thread_blocked, id=18748, stack(0x0000006701300000,0x0000006701400000)]
  0x000001f067a7a000 JavaThread "jar transforms" [_thread_blocked, id=59716, stack(0x0000006701400000,0x0000006701500000)]
  0x000001f067a78800 JavaThread "jar transforms Thread 2" [_thread_blocked, id=58496, stack(0x0000006701500000,0x0000006701600000)]
  0x000001f067a76800 JavaThread "Cache worker for file content cache (C:\Users\kishore\.gradle\caches\7.4\fileContent)" [_thread_blocked, id=53548, stack(0x0000006701600000,0x0000006701700000)]
  0x000001f067a7e000 JavaThread "jar transforms Thread 3" [_thread_blocked, id=54412, stack(0x0000006701700000,0x0000006701800000)]
  0x000001f067a7f000 JavaThread "jar transforms Thread 4" [_thread_blocked, id=52348, stack(0x0000006701800000,0x0000006701900000)]
  0x000001f067a7b000 JavaThread "Cache worker for dependencies-accessors (D:\Flutter\my_kec\android\.gradle\7.4\dependencies-accessors)" [_thread_blocked, id=59472, stack(0x0000006701900000,0x0000006701a00000)]
  0x000001f067a79000 JavaThread "jar transforms Thread 5" [_thread_blocked, id=59804, stack(0x0000006701a00000,0x0000006701b00000)]
  0x000001f067a85800 JavaThread "Cache worker for Build Output Cleanup Cache (D:\Flutter\my_kec\android\.gradle\buildOutputCleanup)" [_thread_blocked, id=57576, stack(0x0000006701b00000,0x0000006701c00000)]
  0x000001f067a82000 JavaThread "Unconstrained build operations" [_thread_blocked, id=30068, stack(0x0000006701c00000,0x0000006701d00000)]
  0x000001f067a83000 JavaThread "Unconstrained build operations Thread 2" [_thread_blocked, id=43512, stack(0x0000006701d00000,0x0000006701e00000)]
  0x000001f067a81800 JavaThread "Unconstrained build operations Thread 3" [_thread_blocked, id=59556, stack(0x0000006701e00000,0x0000006701f00000)]
  0x000001f067a84000 JavaThread "Unconstrained build operations Thread 4" [_thread_blocked, id=59292, stack(0x0000006701f00000,0x0000006702000000)]
  0x000001f067a84800 JavaThread "Unconstrained build operations Thread 5" [_thread_blocked, id=60036, stack(0x0000006702000000,0x0000006702100000)]
  0x000001f067a7f800 JavaThread "Unconstrained build operations Thread 6" [_thread_blocked, id=34216, stack(0x0000006702100000,0x0000006702200000)]
  0x000001f067a80800 JavaThread "Unconstrained build operations Thread 7" [_thread_blocked, id=40088, stack(0x0000006702200000,0x0000006702300000)]
  0x000001f06906c000 JavaThread "Unconstrained build operations Thread 8" [_thread_blocked, id=52972, stack(0x0000006702300000,0x0000006702400000)]
  0x000001f069069000 JavaThread "Unconstrained build operations Thread 9" [_thread_blocked, id=58244, stack(0x0000006702400000,0x0000006702500000)]
  0x000001f06906b800 JavaThread "Unconstrained build operations Thread 10" [_thread_blocked, id=60056, stack(0x0000006702500000,0x0000006702600000)]
  0x000001f069069800 JavaThread "Unconstrained build operations Thread 11" [_thread_blocked, id=19812, stack(0x0000006702600000,0x0000006702700000)]
  0x000001f06906a800 JavaThread "Unconstrained build operations Thread 12" [_thread_blocked, id=55360, stack(0x0000006702700000,0x0000006702800000)]
  0x000001f06906d000 JavaThread "Unconstrained build operations Thread 13" [_thread_blocked, id=59928, stack(0x0000006702800000,0x0000006702900000)]
  0x000001f06906e000 JavaThread "Unconstrained build operations Thread 14" [_thread_blocked, id=58436, stack(0x0000006702900000,0x0000006702a00000)]
  0x000001f069068000 JavaThread "Unconstrained build operations Thread 15" [_thread_blocked, id=56232, stack(0x0000006702a00000,0x0000006702b00000)]
  0x000001f069072000 JavaThread "Unconstrained build operations Thread 16" [_thread_blocked, id=56352, stack(0x0000006702b00000,0x0000006702c00000)]
  0x000001f069072800 JavaThread "Unconstrained build operations Thread 17" [_thread_blocked, id=56732, stack(0x0000006702c00000,0x0000006702d00000)]
  0x000001f06906f800 JavaThread "Unconstrained build operations Thread 18" [_thread_blocked, id=52564, stack(0x0000006702d00000,0x0000006702e00000)]
  0x000001f069073800 JavaThread "Unconstrained build operations Thread 19" [_thread_blocked, id=55220, stack(0x0000006702e00000,0x0000006702f00000)]
  0x000001f069074800 JavaThread "Unconstrained build operations Thread 20" [_thread_blocked, id=59656, stack(0x0000006702f00000,0x0000006703000000)]
  0x000001f06906e800 JavaThread "Unconstrained build operations Thread 21" [_thread_blocked, id=44164, stack(0x0000006703000000,0x0000006703100000)]
  0x000001f069075000 JavaThread "Unconstrained build operations Thread 22" [_thread_blocked, id=57924, stack(0x0000006703100000,0x0000006703200000)]
  0x000001f069076000 JavaThread "Unconstrained build operations Thread 23" [_thread_blocked, id=55424, stack(0x0000006703200000,0x0000006703300000)]
  0x000001f069070800 JavaThread "Unconstrained build operations Thread 24" [_thread_blocked, id=38288, stack(0x0000006703300000,0x0000006703400000)]
  0x000001f069077000 JavaThread "Unconstrained build operations Thread 25" [_thread_blocked, id=33936, stack(0x0000006703400000,0x0000006703500000)]
  0x000001f069071000 JavaThread "Unconstrained build operations Thread 26" [_thread_blocked, id=10152, stack(0x0000006703500000,0x0000006703600000)]
  0x000001f067608800 JavaThread "Unconstrained build operations Thread 27" [_thread_blocked, id=59780, stack(0x0000006703600000,0x0000006703700000)]
  0x000001f067606000 JavaThread "Unconstrained build operations Thread 28" [_thread_blocked, id=59204, stack(0x0000006703700000,0x0000006703800000)]
  0x000001f067604800 JavaThread "Unconstrained build operations Thread 29" [_thread_blocked, id=58712, stack(0x0000006703800000,0x0000006703900000)]
  0x000001f06760b000 JavaThread "Unconstrained build operations Thread 30" [_thread_blocked, id=36292, stack(0x0000006703900000,0x0000006703a00000)]
  0x000001f06760a000 JavaThread "Unconstrained build operations Thread 31" [_thread_blocked, id=1620, stack(0x0000006703a00000,0x0000006703b00000)]
  0x000001f067609000 JavaThread "Unconstrained build operations Thread 32" [_thread_blocked, id=42816, stack(0x0000006703b00000,0x0000006703c00000)]
  0x000001f067605000 JavaThread "Unconstrained build operations Thread 33" [_thread_blocked, id=30676, stack(0x0000006703c00000,0x0000006703d00000)]
  0x000001f06760b800 JavaThread "Unconstrained build operations Thread 34" [_thread_blocked, id=58860, stack(0x0000006703d00000,0x0000006703e00000)]
  0x000001f06760c800 JavaThread "Unconstrained build operations Thread 35" [_thread_blocked, id=59080, stack(0x0000006703e00000,0x0000006703f00000)]
  0x000001f067606800 JavaThread "Unconstrained build operations Thread 36" [_thread_blocked, id=58380, stack(0x0000006703f00000,0x0000006704000000)]
  0x000001f06760d800 JavaThread "Unconstrained build operations Thread 37" [_thread_blocked, id=35668, stack(0x0000006704000000,0x0000006704100000)]
  0x000001f067607800 JavaThread "Unconstrained build operations Thread 38" [_thread_blocked, id=59480, stack(0x0000006704100000,0x0000006704200000)]
  0x000001f067612000 JavaThread "Unconstrained build operations Thread 39" [_thread_blocked, id=59364, stack(0x0000006704200000,0x0000006704300000)]
  0x000001f067611800 JavaThread "Unconstrained build operations Thread 40" [_thread_blocked, id=58100, stack(0x0000006704300000,0x0000006704400000)]
  0x000001f067610800 JavaThread "Unconstrained build operations Thread 41" [_thread_blocked, id=59456, stack(0x0000006704400000,0x0000006704500000)]
  0x000001f06760e000 JavaThread "Unconstrained build operations Thread 42" [_thread_blocked, id=53772, stack(0x0000006704500000,0x0000006704600000)]
  0x000001f067613000 JavaThread "Unconstrained build operations Thread 43" [_thread_blocked, id=34036, stack(0x0000006704600000,0x0000006704700000)]
  0x000001f06760f000 JavaThread "Unconstrained build operations Thread 44" [_thread_blocked, id=10716, stack(0x0000006704700000,0x0000006704800000)]
  0x000001f06760f800 JavaThread "Unconstrained build operations Thread 45" [_thread_blocked, id=41608, stack(0x0000006704800000,0x0000006704900000)]
  0x000001f0674be000 JavaThread "Unconstrained build operations Thread 46" [_thread_blocked, id=59788, stack(0x0000006704900000,0x0000006704a00000)]
  0x000001f0674bc800 JavaThread "Unconstrained build operations Thread 47" [_thread_blocked, id=52736, stack(0x0000006704a00000,0x0000006704b00000)]
  0x000001f0674bd000 JavaThread "Unconstrained build operations Thread 48" [_thread_blocked, id=42348, stack(0x0000006704b00000,0x0000006704c00000)]
  0x000001f0674be800 JavaThread "Unconstrained build operations Thread 49" [_thread_blocked, id=48560, stack(0x0000006704c00000,0x0000006704d00000)]
  0x000001f0674b9000 JavaThread "Unconstrained build operations Thread 50" [_thread_blocked, id=40384, stack(0x0000006704d00000,0x0000006704e00000)]
  0x000001f0674bf800 JavaThread "Unconstrained build operations Thread 51" [_thread_blocked, id=49232, stack(0x0000006704e00000,0x0000006704f00000)]
  0x000001f0674bb800 JavaThread "Unconstrained build operations Thread 52" [_thread_blocked, id=23232, stack(0x0000006704f00000,0x0000006705000000)]
  0x000001f0674ba000 JavaThread "Unconstrained build operations Thread 53" [_thread_blocked, id=49604, stack(0x0000006705000000,0x0000006705100000)]
  0x000001f0674c0800 JavaThread "Unconstrained build operations Thread 54" [_thread_blocked, id=54696, stack(0x0000006705100000,0x0000006705200000)]
  0x000001f0674ba800 JavaThread "Unconstrained build operations Thread 55" [_thread_blocked, id=48008, stack(0x0000006705200000,0x0000006705300000)]
  0x000001f0674c6000 JavaThread "Unconstrained build operations Thread 56" [_thread_blocked, id=53388, stack(0x0000006705300000,0x0000006705400000)]
  0x000001f0674c3800 JavaThread "Unconstrained build operations Thread 57" [_thread_blocked, id=41276, stack(0x0000006705400000,0x0000006705500000)]
  0x000001f0674c7000 JavaThread "Unconstrained build operations Thread 58" [_thread_blocked, id=55564, stack(0x0000006705500000,0x0000006705600000)]
  0x000001f0674c1000 JavaThread "Unconstrained build operations Thread 59" [_thread_blocked, id=15484, stack(0x0000006705600000,0x0000006705700000)]
  0x000001f0674c7800 JavaThread "Unconstrained build operations Thread 60" [_thread_blocked, id=56664, stack(0x0000006705700000,0x0000006705800000)]
  0x000001f0674c2000 JavaThread "Unconstrained build operations Thread 61" [_thread_blocked, id=37504, stack(0x0000006705800000,0x0000006705900000)]
  0x000001f0674c3000 JavaThread "Unconstrained build operations Thread 62" [_thread_blocked, id=54212, stack(0x0000006705900000,0x0000006705a00000)]
  0x000001f0674c4800 JavaThread "Unconstrained build operations Thread 63" [_thread_blocked, id=33232, stack(0x0000006705a00000,0x0000006705b00000)]
  0x000001f0674c5800 JavaThread "Unconstrained build operations Thread 64" [_thread_blocked, id=35184, stack(0x0000006705b00000,0x0000006705c00000)]
  0x000001f068da3800 JavaThread "Unconstrained build operations Thread 65" [_thread_blocked, id=51088, stack(0x0000006705c00000,0x0000006705d00000)]
  0x000001f068da6000 JavaThread "Unconstrained build operations Thread 66" [_thread_blocked, id=59916, stack(0x0000006705d00000,0x0000006705e00000)]
  0x000001f068da3000 JavaThread "Unconstrained build operations Thread 67" [_thread_blocked, id=58600, stack(0x0000006705e00000,0x0000006705f00000)]
  0x000001f068da5000 JavaThread "Unconstrained build operations Thread 68" [_thread_blocked, id=33564, stack(0x0000006705f00000,0x0000006706000000)]
  0x000001f068da4800 JavaThread "Unconstrained build operations Thread 69" [_thread_blocked, id=53208, stack(0x0000006706000000,0x0000006706100000)]
  0x000001f068da2000 JavaThread "Unconstrained build operations Thread 70" [_thread_blocked, id=59980, stack(0x0000006706100000,0x0000006706200000)]
  0x000001f068da0800 JavaThread "Unconstrained build operations Thread 71" [_thread_blocked, id=59752, stack(0x0000006706200000,0x0000006706300000)]
  0x000001f068da7000 JavaThread "Unconstrained build operations Thread 72" [_thread_blocked, id=58536, stack(0x0000006706300000,0x0000006706400000)]
  0x000001f068da1000 JavaThread "Unconstrained build operations Thread 73" [_thread_blocked, id=57560, stack(0x0000006706400000,0x0000006706500000)]
  0x000001f068dab000 JavaThread "Unconstrained build operations Thread 74" [_thread_blocked, id=59564, stack(0x0000006706500000,0x0000006706600000)]
  0x000001f068da7800 JavaThread "Unconstrained build operations Thread 75" [_thread_blocked, id=55872, stack(0x0000006706600000,0x0000006706700000)]
  0x000001f068dab800 JavaThread "Unconstrained build operations Thread 76" [_thread_blocked, id=28640, stack(0x0000006706700000,0x0000006706800000)]
  0x000001f068dad800 JavaThread "Unconstrained build operations Thread 77" [_thread_blocked, id=54116, stack(0x0000006706800000,0x0000006706900000)]
  0x000001f068dae000 JavaThread "Unconstrained build operations Thread 78" [_thread_blocked, id=59244, stack(0x0000006706900000,0x0000006706a00000)]
  0x000001f068da8800 JavaThread "Unconstrained build operations Thread 79" [_thread_blocked, id=48924, stack(0x0000006706a00000,0x0000006706b00000)]
  0x000001f068dac800 JavaThread "Unconstrained build operations Thread 80" [_thread_blocked, id=50376, stack(0x0000006706b00000,0x0000006706c00000)]
  0x000001f068daf000 JavaThread "Unconstrained build operations Thread 81" [_thread_blocked, id=53904, stack(0x0000006706c00000,0x0000006706d00000)]
  0x000001f068da9800 JavaThread "Unconstrained build operations Thread 82" [_thread_blocked, id=42384, stack(0x0000006706d00000,0x0000006706e00000)]
  0x000001f068daa000 JavaThread "Unconstrained build operations Thread 83" [_thread_blocked, id=59888, stack(0x0000006706e00000,0x0000006706f00000)]
  0x000001f06ab05800 JavaThread "Unconstrained build operations Thread 84" [_thread_blocked, id=42584, stack(0x0000006706f00000,0x0000006707000000)]
  0x000001f06ab05000 JavaThread "Unconstrained build operations Thread 85" [_thread_blocked, id=55808, stack(0x0000006707000000,0x0000006707100000)]
  0x000001f06ab06800 JavaThread "Unconstrained build operations Thread 86" [_thread_blocked, id=54932, stack(0x0000006707100000,0x0000006707200000)]
  0x000001f06ab02800 JavaThread "Unconstrained build operations Thread 87" [_thread_blocked, id=34988, stack(0x0000006707200000,0x0000006707300000)]
  0x000001f06ab03000 JavaThread "Unconstrained build operations Thread 88" [_thread_blocked, id=56252, stack(0x0000006707300000,0x0000006707400000)]
  0x000001f06ab00800 JavaThread "Unconstrained build operations Thread 89" [_thread_blocked, id=51196, stack(0x0000006707400000,0x0000006707500000)]
  0x000001f06ab04000 JavaThread "Unconstrained build operations Thread 90" [_thread_blocked, id=58556, stack(0x0000006707500000,0x0000006707600000)]
  0x000001f06ab07000 JavaThread "Unconstrained build operations Thread 91" [_thread_blocked, id=20604, stack(0x0000006707600000,0x0000006707700000)]
  0x000001f06ab01800 JavaThread "Unconstrained build operations Thread 92" [_thread_blocked, id=59816, stack(0x0000006707700000,0x0000006707800000)]
  0x000001f06ab0d800 JavaThread "Unconstrained build operations Thread 93" [_thread_blocked, id=41440, stack(0x0000006707800000,0x0000006707900000)]
  0x000001f06ab0b800 JavaThread "Unconstrained build operations Thread 94" [_thread_blocked, id=54892, stack(0x0000006707900000,0x0000006707a00000)]
  0x000001f06ab09800 JavaThread "Unconstrained build operations Thread 95" [_thread_blocked, id=59588, stack(0x0000006707a00000,0x0000006707b00000)]
  0x000001f06ab08000 JavaThread "Unconstrained build operations Thread 96" [_thread_blocked, id=58652, stack(0x0000006707b00000,0x0000006707c00000)]
  0x000001f06ab09000 JavaThread "Unconstrained build operations Thread 97" [_thread_blocked, id=32092, stack(0x0000006707c00000,0x0000006707d00000)]
  0x000001f06ab0a800 JavaThread "Unconstrained build operations Thread 98" [_thread_blocked, id=6188, stack(0x0000006707d00000,0x0000006707e00000)]
  0x000001f06ab0f800 JavaThread "Unconstrained build operations Thread 99" [_thread_blocked, id=59828, stack(0x0000006707e00000,0x0000006707f00000)]
  0x000001f06ab0c000 JavaThread "Unconstrained build operations Thread 100" [_thread_blocked, id=58412, stack(0x0000006707f00000,0x0000006708000000)]
  0x000001f06ab0d000 JavaThread "Unconstrained build operations Thread 101" [_thread_blocked, id=59856, stack(0x0000006708000000,0x0000006708100000)]
  0x000001f06ab0e800 JavaThread "Unconstrained build operations Thread 102" [_thread_blocked, id=60040, stack(0x0000006708100000,0x0000006708200000)]
  0x000001f06ab3b000 JavaThread "Unconstrained build operations Thread 103" [_thread_blocked, id=59748, stack(0x0000006708200000,0x0000006708300000)]
  0x000001f06ab41800 JavaThread "Unconstrained build operations Thread 104" [_thread_blocked, id=38476, stack(0x0000006708300000,0x0000006708400000)]
  0x000001f06ab3c800 JavaThread "Unconstrained build operations Thread 105" [_thread_blocked, id=59940, stack(0x0000006708400000,0x0000006708500000)]
  0x000001f06ab3b800 JavaThread "Unconstrained build operations Thread 106" [_thread_blocked, id=47400, stack(0x0000006708500000,0x0000006708600000)]
  0x000001f06ab42000 JavaThread "Unconstrained build operations Thread 107" [_thread_blocked, id=58724, stack(0x0000006708600000,0x0000006708700000)]
  0x000001f06ab43000 JavaThread "Unconstrained build operations Thread 108" [_thread_blocked, id=59648, stack(0x0000006708700000,0x0000006708800000)]
  0x000001f06ab3d800 JavaThread "Unconstrained build operations Thread 109" [_thread_blocked, id=52784, stack(0x0000006708800000,0x0000006708900000)]
  0x000001f06ab44000 JavaThread "Unconstrained build operations Thread 110" [_thread_blocked, id=59104, stack(0x0000006708900000,0x0000006708a00000)]
  0x000001f06ab3e000 JavaThread "Unconstrained build operations Thread 111" [_thread_blocked, id=39720, stack(0x0000006708a00000,0x0000006708b00000)]
  0x000001f06ab44800 JavaThread "Unconstrained build operations Thread 112" [_thread_blocked, id=46804, stack(0x0000006708b00000,0x0000006708c00000)]
  0x000001f06ab3f000 JavaThread "Unconstrained build operations Thread 113" [_thread_blocked, id=51876, stack(0x0000006708c00000,0x0000006708d00000)]
  0x000001f06ab45800 JavaThread "Unconstrained build operations Thread 114" [_thread_blocked, id=59160, stack(0x0000006708d00000,0x0000006708e00000)]
  0x000001f06ab3f800 JavaThread "Unconstrained build operations Thread 115" [_thread_blocked, id=57696, stack(0x0000006708e00000,0x0000006708f00000)]
  0x000001f06ab46800 JavaThread "Unconstrained build operations Thread 116" [_thread_blocked, id=14180, stack(0x0000006708f00000,0x0000006709000000)]
  0x000001f06ab40800 JavaThread "Unconstrained build operations Thread 117" [_thread_blocked, id=58432, stack(0x0000006709000000,0x0000006709100000)]
  0x000001f06ab48800 JavaThread "Unconstrained build operations Thread 118" [_thread_blocked, id=57872, stack(0x0000006709100000,0x0000006709200000)]
  0x000001f06ab47000 JavaThread "Unconstrained build operations Thread 119" [_thread_blocked, id=59968, stack(0x0000006709200000,0x0000006709300000)]
  0x000001f06ab48000 JavaThread "Unconstrained build operations Thread 120" [_thread_blocked, id=57864, stack(0x0000006709300000,0x0000006709400000)]
  0x000001f06ab49800 JavaThread "jar transforms Thread 6" [_thread_blocked, id=53444, stack(0x0000006709400000,0x0000006709500000)]
  0x000001f066491000 JavaThread "jar transforms Thread 7" [_thread_blocked, id=55984, stack(0x0000006709500000,0x0000006709600000)]
  0x000001f066490000 JavaThread "jar transforms Thread 8" [_thread_blocked, id=59308, stack(0x0000006709600000,0x0000006709700000)]
  0x000001f066495000 JavaThread "jar transforms Thread 9" [_thread_blocked, id=55624, stack(0x0000006709700000,0x0000006709800000)]
  0x000001f066492000 JavaThread "jar transforms Thread 10" [_thread_blocked, id=28756, stack(0x0000006709800000,0x0000006709900000)]
  0x000001f06648f800 JavaThread "jar transforms Thread 11" [_thread_blocked, id=57216, stack(0x0000006709900000,0x0000006709a00000)]
  0x000001f066496000 JavaThread "jar transforms Thread 12" [_thread_blocked, id=59904, stack(0x0000006709a00000,0x0000006709b00000)]
  0x000001f066494000 JavaThread "Memory manager" [_thread_blocked, id=58316, stack(0x0000006709d00000,0x0000006709e00000)]
  0x000001f066496800 JavaThread "build event listener" [_thread_blocked, id=60424, stack(0x0000006709e00000,0x0000006709f00000)]

Other Threads:
=>0x000001f06438c000 VMThread "VM Thread" [stack: 0x000000677e900000,0x000000677ea00000] [id=59724]
  0x000001f064ebd000 WatcherThread [stack: 0x000000677f300000,0x000000677f400000] [id=59668]
  0x000001f048e6a800 GCTaskThread "GC Thread#0" [stack: 0x000000677e400000,0x000000677e500000] [id=58492]
  0x000001f0652ed800 GCTaskThread "GC Thread#1" [stack: 0x000000677f400000,0x000000677f500000] [id=57652]
  0x000001f0664b6000 GCTaskThread "GC Thread#2" [stack: 0x0000006700300000,0x0000006700400000] [id=57716]
  0x000001f066062000 GCTaskThread "GC Thread#3" [stack: 0x0000006700400000,0x0000006700500000] [id=38196]
  0x000001f066daf000 GCTaskThread "GC Thread#4" [stack: 0x0000006700500000,0x0000006700600000] [id=59700]
  0x000001f0651c7800 GCTaskThread "GC Thread#5" [stack: 0x0000006700600000,0x0000006700700000] [id=43172]
  0x000001f0651c8000 GCTaskThread "GC Thread#6" [stack: 0x0000006700700000,0x0000006700800000] [id=55388]
  0x000001f066b36800 GCTaskThread "GC Thread#7" [stack: 0x0000006700800000,0x0000006700900000] [id=54792]
  0x000001f066b37000 GCTaskThread "GC Thread#8" [stack: 0x0000006700900000,0x0000006700a00000] [id=46064]
  0x000001f066033800 GCTaskThread "GC Thread#9" [stack: 0x0000006700a00000,0x0000006700b00000] [id=54956]
  0x000001f048e90000 ConcurrentGCThread "G1 Main Marker" [stack: 0x000000677e500000,0x000000677e600000] [id=57572]
  0x000001f048e91800 ConcurrentGCThread "G1 Conc#0" [stack: 0x000000677e600000,0x000000677e700000] [id=59460]
  0x000001f066c8f000 ConcurrentGCThread "G1 Conc#1" [stack: 0x0000006700b00000,0x0000006700c00000] [id=60280]
  0x000001f065e33800 ConcurrentGCThread "G1 Conc#2" [stack: 0x0000006700c00000,0x0000006700d00000] [id=60320]
  0x000001f048f24800 ConcurrentGCThread "G1 Refine#0" [stack: 0x000000677e700000,0x000000677e800000] [id=50808]
  0x000001f0668d9800 ConcurrentGCThread "G1 Refine#1" [stack: 0x000000677f500000,0x000000677f600000] [id=25060]
  0x000001f048f25800 ConcurrentGCThread "G1 Young RemSet Sampling" [stack: 0x000000677e800000,0x000000677e900000] [id=55456]

Threads with active compile tasks:
C2 CompilerThread0  94112 8078       4       java.beans.Introspector::addMethod (196 bytes)

VM state:at safepoint (normal execution)

VM Mutex/Monitor currently owned by a thread:  ([mutex/lock_event])
[0x000001f048e4cc50] Threads_lock - owner thread: 0x000001f06438c000
[0x000001f048e4bae0] Heap_lock - owner thread: 0x000001f066783800

Heap address: 0x00000000a0000000, size: 1536 MB, Compressed Oops mode: 32-bit
Narrow klass base: 0x0000000000000000, Narrow klass shift: 3
Compressed class space size: 1073741824 Address: 0x0000000100000000

Heap:
 garbage-first heap   total 143360K, used 83230K [0x00000000a0000000, 0x0000000100000000)
  region size 1024K, 2 young (2048K), 2 survivors (2048K)
 Metaspace       used 75776K, capacity 77866K, committed 78028K, reserved 1116160K
  class space    used 9876K, capacity 10643K, committed 10700K, reserved 1048576K
Heap Regions: E=young(eden), S=young(survivor), O=old, HS=humongous(starts), HC=humongous(continues), CS=collection set, F=free, A=archive, TAMS=top-at-mark-start (previous, next)
|   0|0x00000000a0000000, 0x00000000a0100000, 0x00000000a0100000|100%| O|  |TAMS 0x00000000a0100000, 0x00000000a0100000| Untracked 
|   1|0x00000000a0100000, 0x00000000a0200000, 0x00000000a0200000|100%| O|  |TAMS 0x00000000a0200000, 0x00000000a0200000| Untracked 
|   2|0x00000000a0200000, 0x00000000a0300000, 0x00000000a0300000|100%| O|  |TAMS 0x00000000a0300000, 0x00000000a0300000| Untracked 
|   3|0x00000000a0300000, 0x00000000a0400000, 0x00000000a0400000|100%|HS|  |TAMS 0x00000000a0400000, 0x00000000a0400000| Complete 
|   4|0x00000000a0400000, 0x00000000a0500000, 0x00000000a0500000|100%|HC|  |TAMS 0x00000000a0500000, 0x00000000a0500000| Complete 
|   5|0x00000000a0500000, 0x00000000a0600000, 0x00000000a0600000|100%|HC|  |TAMS 0x00000000a0600000, 0x00000000a0600000| Complete 
|   6|0x00000000a0600000, 0x00000000a0700000, 0x00000000a0700000|100%| O|  |TAMS 0x00000000a0700000, 0x00000000a0700000| Untracked 
|   7|0x00000000a0700000, 0x00000000a0800000, 0x00000000a0800000|100%| O|  |TAMS 0x00000000a0800000, 0x00000000a0800000| Untracked 
|   8|0x00000000a0800000, 0x00000000a0900000, 0x00000000a0900000|100%| O|  |TAMS 0x00000000a0900000, 0x00000000a0900000| Untracked 
|   9|0x00000000a0900000, 0x00000000a0a00000, 0x00000000a0a00000|100%| O|  |TAMS 0x00000000a0a00000, 0x00000000a0a00000| Untracked 
|  10|0x00000000a0a00000, 0x00000000a0b00000, 0x00000000a0b00000|100%| O|  |TAMS 0x00000000a0b00000, 0x00000000a0b00000| Untracked 
|  11|0x00000000a0b00000, 0x00000000a0c00000, 0x00000000a0c00000|100%| O|  |TAMS 0x00000000a0c00000, 0x00000000a0c00000| Untracked 
|  12|0x00000000a0c00000, 0x00000000a0d00000, 0x00000000a0d00000|100%| O|  |TAMS 0x00000000a0d00000, 0x00000000a0d00000| Untracked 
|  13|0x00000000a0d00000, 0x00000000a0e00000, 0x00000000a0e00000|100%| O|  |TAMS 0x00000000a0e00000, 0x00000000a0e00000| Untracked 
|  14|0x00000000a0e00000, 0x00000000a0f00000, 0x00000000a0f00000|100%| O|  |TAMS 0x00000000a0f00000, 0x00000000a0f00000| Untracked 
|  15|0x00000000a0f00000, 0x00000000a1000000, 0x00000000a1000000|100%| O|  |TAMS 0x00000000a1000000, 0x00000000a1000000| Untracked 
|  16|0x00000000a1000000, 0x00000000a1100000, 0x00000000a1100000|100%| O|  |TAMS 0x00000000a1100000, 0x00000000a1100000| Untracked 
|  17|0x00000000a1100000, 0x00000000a1200000, 0x00000000a1200000|100%| O|  |TAMS 0x00000000a1200000, 0x00000000a1200000| Untracked 
|  18|0x00000000a1200000, 0x00000000a1300000, 0x00000000a1300000|100%| O|  |TAMS 0x00000000a1300000, 0x00000000a1300000| Untracked 
|  19|0x00000000a1300000, 0x00000000a1400000, 0x00000000a1400000|100%| O|  |TAMS 0x00000000a1400000, 0x00000000a1400000| Untracked 
|  20|0x00000000a1400000, 0x00000000a1500000, 0x00000000a1500000|100%| O|  |TAMS 0x00000000a1500000, 0x00000000a1500000| Untracked 
|  21|0x00000000a1500000, 0x00000000a1600000, 0x00000000a1600000|100%| O|  |TAMS 0x00000000a1600000, 0x00000000a1600000| Untracked 
|  22|0x00000000a1600000, 0x00000000a1700000, 0x00000000a1700000|100%| O|  |TAMS 0x00000000a1700000, 0x00000000a1700000| Untracked 
|  23|0x00000000a1700000, 0x00000000a1800000, 0x00000000a1800000|100%| O|  |TAMS 0x00000000a1800000, 0x00000000a1800000| Untracked 
|  24|0x00000000a1800000, 0x00000000a1900000, 0x00000000a1900000|100%| O|  |TAMS 0x00000000a1900000, 0x00000000a1900000| Untracked 
|  25|0x00000000a1900000, 0x00000000a1a00000, 0x00000000a1a00000|100%| O|  |TAMS 0x00000000a1a00000, 0x00000000a1a00000| Untracked 
|  26|0x00000000a1a00000, 0x00000000a1b00000, 0x00000000a1b00000|100%| O|  |TAMS 0x00000000a1b00000, 0x00000000a1b00000| Untracked 
|  27|0x00000000a1b00000, 0x00000000a1c00000, 0x00000000a1c00000|100%| O|  |TAMS 0x00000000a1c00000, 0x00000000a1c00000| Untracked 
|  28|0x00000000a1c00000, 0x00000000a1d00000, 0x00000000a1d00000|100%| O|  |TAMS 0x00000000a1d00000, 0x00000000a1d00000| Untracked 
|  29|0x00000000a1d00000, 0x00000000a1e00000, 0x00000000a1e00000|100%|HS|  |TAMS 0x00000000a1e00000, 0x00000000a1e00000| Complete 
|  30|0x00000000a1e00000, 0x00000000a1f00000, 0x00000000a1f00000|100%|HS|  |TAMS 0x00000000a1f00000, 0x00000000a1f00000| Complete 
|  31|0x00000000a1f00000, 0x00000000a2000000, 0x00000000a2000000|100%|HS|  |TAMS 0x00000000a2000000, 0x00000000a2000000| Complete 
|  32|0x00000000a2000000, 0x00000000a2100000, 0x00000000a2100000|100%|HS|  |TAMS 0x00000000a2100000, 0x00000000a2100000| Complete 
|  33|0x00000000a2100000, 0x00000000a2200000, 0x00000000a2200000|100%|HS|  |TAMS 0x00000000a2200000, 0x00000000a2200000| Complete 
|  34|0x00000000a2200000, 0x00000000a2300000, 0x00000000a2300000|100%|HC|  |TAMS 0x00000000a2300000, 0x00000000a2300000| Complete 
|  35|0x00000000a2300000, 0x00000000a2400000, 0x00000000a2400000|100%|HC|  |TAMS 0x00000000a2400000, 0x00000000a2400000| Complete 
|  36|0x00000000a2400000, 0x00000000a2500000, 0x00000000a2500000|100%|HS|  |TAMS 0x00000000a2500000, 0x00000000a2500000| Complete 
|  37|0x00000000a2500000, 0x00000000a2600000, 0x00000000a2600000|100%|HC|  |TAMS 0x00000000a2600000, 0x00000000a2600000| Complete 
|  38|0x00000000a2600000, 0x00000000a2700000, 0x00000000a2700000|100%| O|  |TAMS 0x00000000a2700000, 0x00000000a2700000| Untracked 
|  39|0x00000000a2700000, 0x00000000a2800000, 0x00000000a2800000|100%| O|  |TAMS 0x00000000a2800000, 0x00000000a2800000| Untracked 
|  40|0x00000000a2800000, 0x00000000a2900000, 0x00000000a2900000|100%| O|  |TAMS 0x00000000a2900000, 0x00000000a2900000| Untracked 
|  41|0x00000000a2900000, 0x00000000a2a00000, 0x00000000a2a00000|100%| O|  |TAMS 0x00000000a2a00000, 0x00000000a2a00000| Untracked 
|  42|0x00000000a2a00000, 0x00000000a2b00000, 0x00000000a2b00000|100%| O|  |TAMS 0x00000000a2b00000, 0x00000000a2b00000| Untracked 
|  43|0x00000000a2b00000, 0x00000000a2c00000, 0x00000000a2c00000|100%| O|  |TAMS 0x00000000a2c00000, 0x00000000a2c00000| Untracked 
|  44|0x00000000a2c00000, 0x00000000a2d00000, 0x00000000a2d00000|100%| O|  |TAMS 0x00000000a2d00000, 0x00000000a2d00000| Untracked 
|  45|0x00000000a2d00000, 0x00000000a2e00000, 0x00000000a2e00000|100%| O|  |TAMS 0x00000000a2e00000, 0x00000000a2e00000| Untracked 
|  46|0x00000000a2e00000, 0x00000000a2f00000, 0x00000000a2f00000|100%| O|  |TAMS 0x00000000a2f00000, 0x00000000a2f00000| Untracked 
|  47|0x00000000a2f00000, 0x00000000a3000000, 0x00000000a3000000|100%| O|  |TAMS 0x00000000a3000000, 0x00000000a3000000| Untracked 
|  48|0x00000000a3000000, 0x00000000a3100000, 0x00000000a3100000|100%| O|  |TAMS 0x00000000a3100000, 0x00000000a3100000| Untracked 
|  49|0x00000000a3100000, 0x00000000a3200000, 0x00000000a3200000|100%| O|  |TAMS 0x00000000a3200000, 0x00000000a3200000| Untracked 
|  50|0x00000000a3200000, 0x00000000a3300000, 0x00000000a3300000|100%| O|  |TAMS 0x00000000a3300000, 0x00000000a3300000| Untracked 
|  51|0x00000000a3300000, 0x00000000a3400000, 0x00000000a3400000|100%| O|  |TAMS 0x00000000a3400000, 0x00000000a3400000| Untracked 
|  52|0x00000000a3400000, 0x00000000a3500000, 0x00000000a3500000|100%| O|  |TAMS 0x00000000a3500000, 0x00000000a3500000| Untracked 
|  53|0x00000000a3500000, 0x00000000a3600000, 0x00000000a3600000|100%| O|  |TAMS 0x00000000a3600000, 0x00000000a3600000| Untracked 
|  54|0x00000000a3600000, 0x00000000a3700000, 0x00000000a3700000|100%| O|  |TAMS 0x00000000a3700000, 0x00000000a3700000| Untracked 
|  55|0x00000000a3700000, 0x00000000a3800000, 0x00000000a3800000|100%| O|  |TAMS 0x00000000a3800000, 0x00000000a3800000| Untracked 
|  56|0x00000000a3800000, 0x00000000a3900000, 0x00000000a3900000|100%| O|  |TAMS 0x00000000a3900000, 0x00000000a3900000| Untracked 
|  57|0x00000000a3900000, 0x00000000a3a00000, 0x00000000a3a00000|100%| O|  |TAMS 0x00000000a3a00000, 0x00000000a3a00000| Untracked 
|  58|0x00000000a3a00000, 0x00000000a3b00000, 0x00000000a3b00000|100%|HS|  |TAMS 0x00000000a3b00000, 0x00000000a3b00000| Complete 
|  59|0x00000000a3b00000, 0x00000000a3c00000, 0x00000000a3c00000|100%| O|  |TAMS 0x00000000a3c00000, 0x00000000a3c00000| Untracked 
|  60|0x00000000a3c00000, 0x00000000a3d00000, 0x00000000a3d00000|100%| O|  |TAMS 0x00000000a3d00000, 0x00000000a3d00000| Untracked 
|  61|0x00000000a3d00000, 0x00000000a3e00000, 0x00000000a3e00000|100%|HS|  |TAMS 0x00000000a3e00000, 0x00000000a3e00000| Complete 
|  62|0x00000000a3e00000, 0x00000000a3f00000, 0x00000000a3f00000|100%|HC|  |TAMS 0x00000000a3f00000, 0x00000000a3f00000| Complete 
|  63|0x00000000a3f00000, 0x00000000a4000000, 0x00000000a4000000|100%| O|  |TAMS 0x00000000a4000000, 0x00000000a4000000| Untracked 
|  64|0x00000000a4000000, 0x00000000a4100000, 0x00000000a4100000|100%| O|  |TAMS 0x00000000a4100000, 0x00000000a4100000| Untracked 
|  65|0x00000000a4100000, 0x00000000a4200000, 0x00000000a4200000|100%| O|  |TAMS 0x00000000a4200000, 0x00000000a4200000| Untracked 
|  66|0x00000000a4200000, 0x00000000a4300000, 0x00000000a4300000|100%| O|  |TAMS 0x00000000a4300000, 0x00000000a4300000| Untracked 
|  67|0x00000000a4300000, 0x00000000a4400000, 0x00000000a4400000|100%| O|  |TAMS 0x00000000a4400000, 0x00000000a4400000| Untracked 
|  68|0x00000000a4400000, 0x00000000a4500000, 0x00000000a4500000|100%| O|  |TAMS 0x00000000a4500000, 0x00000000a4500000| Untracked 
|  69|0x00000000a4500000, 0x00000000a4600000, 0x00000000a4600000|100%| O|  |TAMS 0x00000000a4600000, 0x00000000a4600000| Untracked 
|  70|0x00000000a4600000, 0x00000000a4700000, 0x00000000a4700000|100%| O|  |TAMS 0x00000000a4700000, 0x00000000a4700000| Untracked 
|  71|0x00000000a4700000, 0x00000000a4800000, 0x00000000a4800000|100%| O|  |TAMS 0x00000000a4800000, 0x00000000a4800000| Untracked 
|  72|0x00000000a4800000, 0x00000000a4900000, 0x00000000a4900000|100%| O|  |TAMS 0x00000000a48bc400, 0x00000000a4900000| Untracked 
|  73|0x00000000a4900000, 0x00000000a4a00000, 0x00000000a4a00000|100%| O|  |TAMS 0x00000000a4900000, 0x00000000a4a00000| Untracked 
|  74|0x00000000a4a00000, 0x00000000a4b00000, 0x00000000a4b00000|100%| O|  |TAMS 0x00000000a4a00000, 0x00000000a4b00000| Untracked 
|  75|0x00000000a4b00000, 0x00000000a4c00000, 0x00000000a4c00000|100%| O|  |TAMS 0x00000000a4b00000, 0x00000000a4c00000| Untracked 
|  76|0x00000000a4c00000, 0x00000000a4d00000, 0x00000000a4d00000|100%| O|  |TAMS 0x00000000a4c00000, 0x00000000a4d00000| Untracked 
|  77|0x00000000a4d00000, 0x00000000a4da2a00, 0x00000000a4e00000| 63%| O|  |TAMS 0x00000000a4d00000, 0x00000000a4da2a00| Untracked 
|  78|0x00000000a4e00000, 0x00000000a4e00000, 0x00000000a4f00000|  0%| F|  |TAMS 0x00000000a4e00000, 0x00000000a4e00000| Untracked 
|  79|0x00000000a4f00000, 0x00000000a4f00000, 0x00000000a5000000|  0%| F|  |TAMS 0x00000000a4f00000, 0x00000000a4f00000| Untracked 
|  80|0x00000000a5000000, 0x00000000a5000000, 0x00000000a5100000|  0%| F|  |TAMS 0x00000000a5000000, 0x00000000a5000000| Untracked 
|  81|0x00000000a5100000, 0x00000000a5100000, 0x00000000a5200000|  0%| F|  |TAMS 0x00000000a5100000, 0x00000000a5100000| Untracked 
|  82|0x00000000a5200000, 0x00000000a5200000, 0x00000000a5300000|  0%| F|  |TAMS 0x00000000a5200000, 0x00000000a5200000| Untracked 
|  83|0x00000000a5300000, 0x00000000a5300000, 0x00000000a5400000|  0%| F|  |TAMS 0x00000000a5300000, 0x00000000a5300000| Untracked 
|  84|0x00000000a5400000, 0x00000000a5400000, 0x00000000a5500000|  0%| F|  |TAMS 0x00000000a5400000, 0x00000000a5400000| Untracked 
|  85|0x00000000a5500000, 0x00000000a5500000, 0x00000000a5600000|  0%| F|  |TAMS 0x00000000a5500000, 0x00000000a5500000| Untracked 
|  86|0x00000000a5600000, 0x00000000a5600000, 0x00000000a5700000|  0%| F|  |TAMS 0x00000000a5600000, 0x00000000a5600000| Untracked 
|  87|0x00000000a5700000, 0x00000000a5700000, 0x00000000a5800000|  0%| F|  |TAMS 0x00000000a5700000, 0x00000000a5700000| Untracked 
|  88|0x00000000a5800000, 0x00000000a5800000, 0x00000000a5900000|  0%| F|  |TAMS 0x00000000a5800000, 0x00000000a5800000| Untracked 
|  89|0x00000000a5900000, 0x00000000a5900000, 0x00000000a5a00000|  0%| F|  |TAMS 0x00000000a5900000, 0x00000000a5900000| Untracked 
|  90|0x00000000a5a00000, 0x00000000a5a00000, 0x00000000a5b00000|  0%| F|  |TAMS 0x00000000a5a00000, 0x00000000a5a00000| Untracked 
|  91|0x00000000a5b00000, 0x00000000a5b00000, 0x00000000a5c00000|  0%| F|  |TAMS 0x00000000a5b00000, 0x00000000a5b00000| Untracked 
|  92|0x00000000a5c00000, 0x00000000a5c00000, 0x00000000a5d00000|  0%| F|  |TAMS 0x00000000a5c00000, 0x00000000a5c00000| Untracked 
|  93|0x00000000a5d00000, 0x00000000a5d00000, 0x00000000a5e00000|  0%| F|  |TAMS 0x00000000a5d00000, 0x00000000a5d00000| Untracked 
|  94|0x00000000a5e00000, 0x00000000a5f00000, 0x00000000a5f00000|100%| O|  |TAMS 0x00000000a5f00000, 0x00000000a5f00000| Untracked 
|  95|0x00000000a5f00000, 0x00000000a6000000, 0x00000000a6000000|100%| O|  |TAMS 0x00000000a6000000, 0x00000000a6000000| Untracked 
|  96|0x00000000a6000000, 0x00000000a60a51e8, 0x00000000a6100000| 64%| S|CS|TAMS 0x00000000a6000000, 0x00000000a6000000| Complete 
|  97|0x00000000a6100000, 0x00000000a6100000, 0x00000000a6200000|  0%| F|  |TAMS 0x00000000a6100000, 0x00000000a6100000| Untracked 
|  98|0x00000000a6200000, 0x00000000a6200000, 0x00000000a6300000|  0%| F|  |TAMS 0x00000000a6200000, 0x00000000a6200000| Untracked 
|  99|0x00000000a6300000, 0x00000000a6400000, 0x00000000a6400000|100%| S|CS|TAMS 0x00000000a6300000, 0x00000000a6300000| Complete 
| 100|0x00000000a6400000, 0x00000000a6400000, 0x00000000a6500000|  0%| F|  |TAMS 0x00000000a6400000, 0x00000000a6400000| Untracked 
| 101|0x00000000a6500000, 0x00000000a6500000, 0x00000000a6600000|  0%| F|  |TAMS 0x00000000a6500000, 0x00000000a6500000| Untracked 
| 102|0x00000000a6600000, 0x00000000a6600000, 0x00000000a6700000|  0%| F|  |TAMS 0x00000000a6600000, 0x00000000a6600000| Untracked 
| 103|0x00000000a6700000, 0x00000000a6700000, 0x00000000a6800000|  0%| F|  |TAMS 0x00000000a6700000, 0x00000000a6700000| Untracked 
| 104|0x00000000a6800000, 0x00000000a6800000, 0x00000000a6900000|  0%| F|  |TAMS 0x00000000a6800000, 0x00000000a6800000| Untracked 
| 105|0x00000000a6900000, 0x00000000a6900000, 0x00000000a6a00000|  0%| F|  |TAMS 0x00000000a6900000, 0x00000000a6900000| Untracked 
| 106|0x00000000a6a00000, 0x00000000a6a00000, 0x00000000a6b00000|  0%| F|  |TAMS 0x00000000a6a00000, 0x00000000a6a00000| Untracked 
| 107|0x00000000a6b00000, 0x00000000a6b00000, 0x00000000a6c00000|  0%| F|  |TAMS 0x00000000a6b00000, 0x00000000a6b00000| Untracked 
| 108|0x00000000a6c00000, 0x00000000a6c00000, 0x00000000a6d00000|  0%| F|  |TAMS 0x00000000a6c00000, 0x00000000a6c00000| Untracked 
| 109|0x00000000a6d00000, 0x00000000a6d00000, 0x00000000a6e00000|  0%| F|  |TAMS 0x00000000a6d00000, 0x00000000a6d00000| Untracked 
| 110|0x00000000a6e00000, 0x00000000a6e00000, 0x00000000a6f00000|  0%| F|  |TAMS 0x00000000a6e00000, 0x00000000a6e00000| Untracked 
| 111|0x00000000a6f00000, 0x00000000a6f00000, 0x00000000a7000000|  0%| F|  |TAMS 0x00000000a6f00000, 0x00000000a6f00000| Untracked 
| 112|0x00000000a7000000, 0x00000000a7000000, 0x00000000a7100000|  0%| F|  |TAMS 0x00000000a7000000, 0x00000000a7000000| Untracked 
| 113|0x00000000a7100000, 0x00000000a7100000, 0x00000000a7200000|  0%| F|  |TAMS 0x00000000a7100000, 0x00000000a7100000| Untracked 
| 114|0x00000000a7200000, 0x00000000a7200000, 0x00000000a7300000|  0%| F|  |TAMS 0x00000000a7200000, 0x00000000a7200000| Untracked 
| 115|0x00000000a7300000, 0x00000000a7300000, 0x00000000a7400000|  0%| F|  |TAMS 0x00000000a7300000, 0x00000000a7300000| Untracked 

Card table byte_map: [0x000001f05e0e0000,0x000001f05e3e0000] _byte_map_base: 0x000001f05dbe0000

Marking Bits (Prev, Next): (CMBitMap*) 0x000001f048e891e8, (CMBitMap*) 0x000001f048e89220
 Prev Bits: [0x000001f05e6e0000, 0x000001f05fee0000)
 Next Bits: [0x000001f05fee0000, 0x000001f0616e0000)

Polling page: 0x000001f04e110000

Metaspace:

Usage:
  Non-class:     65.65 MB capacity,    64.36 MB ( 98%) used,     1.11 MB (  2%) free+waste,   189.88 KB ( <1%) overhead. 
      Class:     10.39 MB capacity,     9.64 MB ( 93%) used,   677.50 KB (  6%) free+waste,    89.13 KB ( <1%) overhead. 
       Both:     76.04 MB capacity,    74.00 MB ( 97%) used,     1.77 MB (  2%) free+waste,   279.00 KB ( <1%) overhead. 

Virtual space:
  Non-class space:       66.00 MB reserved,      65.75 MB (>99%) committed 
      Class space:        1.00 GB reserved,      10.45 MB (  1%) committed 
             Both:        1.06 GB reserved,      76.20 MB (  7%) committed 

Chunk freelists:
   Non-Class:  41.00 KB
       Class:  13.00 KB
        Both:  54.00 KB

MaxMetaspaceSize: 17179869184.00 GB
CompressedClassSpaceSize: 1.00 GB
Initial GC threshold: 20.80 MB
Current GC threshold: 125.33 MB
CDS: off

CodeHeap 'non-profiled nmethods': size=120000Kb used=4694Kb max_used=4694Kb free=115305Kb
 bounds [0x000001f055c00000, 0x000001f0560a0000, 0x000001f05d130000]
CodeHeap 'profiled nmethods': size=120000Kb used=17575Kb max_used=17575Kb free=102424Kb
 bounds [0x000001f04e6d0000, 0x000001f04f800000, 0x000001f055c00000]
CodeHeap 'non-nmethods': size=5760Kb used=2355Kb max_used=2398Kb free=3404Kb
 bounds [0x000001f04e130000, 0x000001f04e3a0000, 0x000001f04e6d0000]
 total_blobs=8888 nmethods=8024 adapters=776
 compilation: enabled
              stopped_count=0, restarted_count=0
 full_count=0

Compilation events (20 events):
Event: 93.926 Thread 0x000001f0643e1800 8140       2       org.gradle.api.internal.provider.DefaultProviderFactory::of (27 bytes)
Event: 93.926 Thread 0x000001f0643e1800 nmethod 8140 0x000001f04f7f4590 code [0x000001f04f7f4760, 0x000001f04f7f4978]
Event: 93.926 Thread 0x000001f0643e1800 8141   !   2       org.gradle.api.internal.provider.DefaultValueSourceProviderFactory::createProviderOf (67 bytes)
Event: 93.927 Thread 0x000001f0643e1800 nmethod 8141 0x000001f04f7f4b10 code [0x000001f04f7f4d80, 0x000001f04f7f55e8]
Event: 93.942 Thread 0x000001f0643e1800 8142       2       java.util.LinkedList::checkElementIndex (22 bytes)
Event: 93.944 Thread 0x000001f0643e1800 nmethod 8142 0x000001f04f7f5c90 code [0x000001f04f7f5ea0, 0x000001f04f7f61e8]
Event: 93.944 Thread 0x000001f0643e1800 8143       2       java.util.LinkedList::isElementIndex (18 bytes)
Event: 93.944 Thread 0x000001f0643e1800 nmethod 8143 0x000001f04f7f6410 code [0x000001f04f7f65c0, 0x000001f04f7f66d8]
Event: 93.948 Thread 0x000001f0643e1800 8145   !   2       java.beans.Introspector::getBeanInfo (94 bytes)
Event: 93.949 Thread 0x000001f0643e1800 nmethod 8145 0x000001f04f7f6790 code [0x000001f04f7f6a20, 0x000001f04f7f7348]
Event: 93.949 Thread 0x000001f0643e1800 8146       2       java.beans.ThreadGroupContext::getBeanInfo (25 bytes)
Event: 93.949 Thread 0x000001f0643e1800 nmethod 8146 0x000001f04f7f7790 code [0x000001f04f7f7960, 0x000001f04f7f7ae8]
Event: 93.949 Thread 0x000001f0643e1800 8147       2       java.lang.invoke.LambdaForm$MH/0x00000001004b9040::invoke (218 bytes)
Event: 93.950 Thread 0x000001f0643e1800 nmethod 8147 0x000001f04f7f7b90 code [0x000001f04f7f7e00, 0x000001f04f7f8388]
Event: 93.986 Thread 0x000001f0643e1800 8148       1       groovyjarjarasm.asm.SymbolTable::getClassName (5 bytes)
Event: 93.986 Thread 0x000001f0643e1800 nmethod 8148 0x000001f056095710 code [0x000001f0560958c0, 0x000001f056095978]
Event: 93.988 Thread 0x000001f0643e1800 8149       2       org.gradle.internal.reflect.ClassInspector::visitGraph (98 bytes)
Event: 93.989 Thread 0x000001f0643e1800 nmethod 8149 0x000001f04f7f8990 code [0x000001f04f7f8c00, 0x000001f04f7f93a8]
Event: 93.997 Thread 0x000001f0643e1800 8150       2       org.objectweb.asm.SymbolTable::putBootstrapMethods (56 bytes)
Event: 93.997 Thread 0x000001f0643e1800 nmethod 8150 0x000001f04f7f9810 code [0x000001f04f7f9a00, 0x000001f04f7f9c08]

GC Heap History (20 events):
Event: 89.557 GC heap after
{Heap after GC invocations=41 (full 0):
 garbage-first heap   total 98304K, used 73659K [0x00000000a0000000, 0x0000000100000000)
  region size 1024K, 2 young (2048K), 2 survivors (2048K)
 Metaspace       used 68355K, capacity 70241K, committed 70348K, reserved 1110016K
  class space    used 8689K, capacity 9325K, committed 9420K, reserved 1048576K
}
Event: 89.746 GC heap before
{Heap before GC invocations=42 (full 0):
 garbage-first heap   total 98304K, used 82875K [0x00000000a0000000, 0x0000000100000000)
  region size 1024K, 11 young (11264K), 2 survivors (2048K)
 Metaspace       used 68621K, capacity 70625K, committed 70860K, reserved 1110016K
  class space    used 8709K, capacity 9369K, committed 9420K, reserved 1048576K
}
Event: 89.750 GC heap after
{Heap after GC invocations=43 (full 0):
 garbage-first heap   total 98304K, used 74638K [0x00000000a0000000, 0x0000000100000000)
  region size 1024K, 2 young (2048K), 2 survivors (2048K)
 Metaspace       used 68621K, capacity 70625K, committed 70860K, reserved 1110016K
  class space    used 8709K, capacity 9369K, committed 9420K, reserved 1048576K
}
Event: 90.185 GC heap before
{Heap before GC invocations=43 (full 0):
 garbage-first heap   total 98304K, used 83854K [0x00000000a0000000, 0x0000000100000000)
  region size 1024K, 11 young (11264K), 2 survivors (2048K)
 Metaspace       used 69287K, capacity 71271K, committed 71500K, reserved 1112064K
  class space    used 8789K, capacity 9435K, committed 9548K, reserved 1048576K
}
Event: 90.191 GC heap after
{Heap after GC invocations=44 (full 0):
 garbage-first heap   total 98304K, used 75343K [0x00000000a0000000, 0x0000000100000000)
  region size 1024K, 2 young (2048K), 2 survivors (2048K)
 Metaspace       used 69287K, capacity 71271K, committed 71500K, reserved 1112064K
  class space    used 8789K, capacity 9435K, committed 9548K, reserved 1048576K
}
Event: 90.549 GC heap before
{Heap before GC invocations=45 (full 0):
 garbage-first heap   total 98304K, used 82511K [0x00000000a0000000, 0x0000000100000000)
  region size 1024K, 10 young (10240K), 2 survivors (2048K)
 Metaspace       used 70032K, capacity 72039K, committed 72396K, reserved 1112064K
  class space    used 8901K, capacity 9563K, committed 9676K, reserved 1048576K
}
Event: 90.553 GC heap after
{Heap after GC invocations=46 (full 0):
 garbage-first heap   total 98304K, used 75942K [0x00000000a0000000, 0x0000000100000000)
  region size 1024K, 2 young (2048K), 2 survivors (2048K)
 Metaspace       used 70032K, capacity 72039K, committed 72396K, reserved 1112064K
  class space    used 8901K, capacity 9563K, committed 9676K, reserved 1048576K
}
Event: 90.949 GC heap before
{Heap before GC invocations=46 (full 0):
 garbage-first heap   total 98304K, used 84134K [0x00000000a0000000, 0x0000000100000000)
  region size 1024K, 10 young (10240K), 2 survivors (2048K)
 Metaspace       used 70823K, capacity 72858K, committed 73036K, reserved 1112064K
  class space    used 9049K, capacity 9726K, committed 9804K, reserved 1048576K
}
Event: 90.953 GC heap after
{Heap after GC invocations=47 (full 0):
 garbage-first heap   total 98304K, used 76228K [0x00000000a0000000, 0x0000000100000000)
  region size 1024K, 2 young (2048K), 2 survivors (2048K)
 Metaspace       used 70823K, capacity 72858K, committed 73036K, reserved 1112064K
  class space    used 9049K, capacity 9726K, committed 9804K, reserved 1048576K
}
Event: 91.420 GC heap before
{Heap before GC invocations=48 (full 0):
 garbage-first heap   total 98304K, used 84420K [0x00000000a0000000, 0x0000000100000000)
  region size 1024K, 10 young (10240K), 2 survivors (2048K)
 Metaspace       used 71846K, capacity 73898K, committed 74060K, reserved 1114112K
  class space    used 9250K, capacity 9925K, committed 10060K, reserved 1048576K
}
Event: 91.423 GC heap after
{Heap after GC invocations=49 (full 0):
 garbage-first heap   total 98304K, used 76574K [0x00000000a0000000, 0x0000000100000000)
  region size 1024K, 2 young (2048K), 2 survivors (2048K)
 Metaspace       used 71846K, capacity 73898K, committed 74060K, reserved 1114112K
  class space    used 9250K, capacity 9925K, committed 10060K, reserved 1048576K
}
Event: 91.802 GC heap before
{Heap before GC invocations=49 (full 0):
 garbage-first heap   total 98304K, used 84766K [0x00000000a0000000, 0x0000000100000000)
  region size 1024K, 10 young (10240K), 2 survivors (2048K)
 Metaspace       used 72679K, capacity 74683K, committed 74956K, reserved 1114112K
  class space    used 9405K, capacity 10058K, committed 10188K, reserved 1048576K
}
Event: 91.809 GC heap after
{Heap after GC invocations=50 (full 0):
 garbage-first heap   total 118784K, used 77367K [0x00000000a0000000, 0x0000000100000000)
  region size 1024K, 2 young (2048K), 2 survivors (2048K)
 Metaspace       used 72679K, capacity 74683K, committed 74956K, reserved 1114112K
  class space    used 9405K, capacity 10058K, committed 10188K, reserved 1048576K
}
Event: 92.551 GC heap before
{Heap before GC invocations=51 (full 0):
 garbage-first heap   total 118784K, used 93751K [0x00000000a0000000, 0x0000000100000000)
  region size 1024K, 18 young (18432K), 2 survivors (2048K)
 Metaspace       used 74183K, capacity 76193K, committed 76364K, reserved 1116160K
  class space    used 9614K, capacity 10303K, committed 10316K, reserved 1048576K
}
Event: 92.555 GC heap after
{Heap after GC invocations=52 (full 0):
 garbage-first heap   total 118784K, used 78049K [0x00000000a0000000, 0x0000000100000000)
  region size 1024K, 3 young (3072K), 3 survivors (3072K)
 Metaspace       used 74183K, capacity 76193K, committed 76364K, reserved 1116160K
  class space    used 9614K, capacity 10303K, committed 10316K, reserved 1048576K
}
Event: 93.186 GC heap before
{Heap before GC invocations=52 (full 0):
 garbage-first heap   total 118784K, used 95457K [0x00000000a0000000, 0x0000000100000000)
  region size 1024K, 20 young (20480K), 3 survivors (3072K)
 Metaspace       used 74747K, capacity 76743K, committed 77004K, reserved 1116160K
  class space    used 9689K, capacity 10377K, committed 10444K, reserved 1048576K
}
Event: 93.193 GC heap after
{Heap after GC invocations=53 (full 0):
 garbage-first heap   total 118784K, used 79601K [0x00000000a0000000, 0x0000000100000000)
  region size 1024K, 3 young (3072K), 3 survivors (3072K)
 Metaspace       used 74747K, capacity 76743K, committed 77004K, reserved 1116160K
  class space    used 9689K, capacity 10377K, committed 10444K, reserved 1048576K
}
Event: 93.636 GC heap before
{Heap before GC invocations=54 (full 0):
 garbage-first heap   total 118784K, used 97009K [0x00000000a0000000, 0x0000000100000000)
  region size 1024K, 20 young (20480K), 3 survivors (3072K)
 Metaspace       used 75388K, capacity 77381K, committed 77516K, reserved 1116160K
  class space    used 9815K, capacity 10571K, committed 10700K, reserved 1048576K
}
Event: 93.650 GC heap after
{Heap after GC invocations=55 (full 0):
 garbage-first heap   total 118784K, used 81574K [0x00000000a0000000, 0x0000000100000000)
  region size 1024K, 2 young (2048K), 2 survivors (2048K)
 Metaspace       used 75388K, capacity 77381K, committed 77516K, reserved 1116160K
  class space    used 9815K, capacity 10571K, committed 10700K, reserved 1048576K
}
Event: 94.024 GC heap before
{Heap before GC invocations=55 (full 0):
 garbage-first heap   total 118784K, used 97958K [0x00000000a0000000, 0x0000000100000000)
  region size 1024K, 18 young (18432K), 2 survivors (2048K)
 Metaspace       used 75776K, capacity 77866K, committed 78028K, reserved 1116160K
  class space    used 9876K, capacity 10643K, committed 10700K, reserved 1048576K
}

Deoptimization events (20 events):
Event: 93.448 Thread 0x000001f066783800 Uncommon trap: trap_request=0xffffff4d fr.pc=0x000001f055f3734c relative=0x00000000000025ec
Event: 93.448 Thread 0x000001f066783800 Uncommon trap: reason=unstable_if action=reinterpret pc=0x000001f055f3734c method=java.util.HashMap.getNode(ILjava/lang/Object;)Ljava/util/HashMap$Node; @ 84 c2
Event: 93.448 Thread 0x000001f066783800 DEOPT PACKING pc=0x000001f055f3734c sp=0x000000677fcf19f0
Event: 93.448 Thread 0x000001f066783800 DEOPT UNPACKING pc=0x000001f04e17a1af sp=0x000000677fcf18d8 mode 2
Event: 93.448 Thread 0x000001f066783800 Uncommon trap: trap_request=0xffffff4d fr.pc=0x000001f055e2b610 relative=0x0000000000000710
Event: 93.448 Thread 0x000001f066783800 Uncommon trap: reason=unstable_if action=reinterpret pc=0x000001f055e2b610 method=java.util.HashMap.putVal(ILjava/lang/Object;Ljava/lang/Object;ZZ)Ljava/lang/Object; @ 109 c2
Event: 93.448 Thread 0x000001f066783800 DEOPT PACKING pc=0x000001f055e2b610 sp=0x000000677fcf1970
Event: 93.448 Thread 0x000001f066783800 DEOPT UNPACKING pc=0x000001f04e17a1af sp=0x000000677fcf18a0 mode 2
Event: 93.448 Thread 0x000001f066783800 Uncommon trap: trap_request=0xffffff4d fr.pc=0x000001f055f81370 relative=0x00000000000002b0
Event: 93.448 Thread 0x000001f066783800 Uncommon trap: reason=unstable_if action=reinterpret pc=0x000001f055f81370 method=java.util.HashMap.getNode(ILjava/lang/Object;)Ljava/util/HashMap$Node; @ 84 c2
Event: 93.448 Thread 0x000001f066783800 DEOPT PACKING pc=0x000001f055f81370 sp=0x000000677fcf19a0
Event: 93.448 Thread 0x000001f066783800 DEOPT UNPACKING pc=0x000001f04e17a1af sp=0x000000677fcf18c0 mode 2
Event: 93.448 Thread 0x000001f066783800 Uncommon trap: trap_request=0xffffff4d fr.pc=0x000001f055cda660 relative=0x0000000000000680
Event: 93.448 Thread 0x000001f066783800 Uncommon trap: reason=unstable_if action=reinterpret pc=0x000001f055cda660 method=java.util.HashMap.putVal(ILjava/lang/Object;Ljava/lang/Object;ZZ)Ljava/lang/Object; @ 109 c2
Event: 93.448 Thread 0x000001f066783800 DEOPT PACKING pc=0x000001f055cda660 sp=0x000000677fcf18e0
Event: 93.448 Thread 0x000001f066783800 DEOPT UNPACKING pc=0x000001f04e17a1af sp=0x000000677fcf1898 mode 2
Event: 93.448 Thread 0x000001f066783800 Uncommon trap: trap_request=0xffffff4d fr.pc=0x000001f055e28964 relative=0x00000000000001a4
Event: 93.448 Thread 0x000001f066783800 Uncommon trap: reason=unstable_if action=reinterpret pc=0x000001f055e28964 method=java.util.HashMap.getNode(ILjava/lang/Object;)Ljava/util/HashMap$Node; @ 84 c2
Event: 93.448 Thread 0x000001f066783800 DEOPT PACKING pc=0x000001f055e28964 sp=0x000000677fcf1940
Event: 93.448 Thread 0x000001f066783800 DEOPT UNPACKING pc=0x000001f04e17a1af sp=0x000000677fcf18c8 mode 2

Classes redefined (0 events):
No events

Internal exceptions (20 events):
Event: 93.725 Thread 0x000001f066783800 Exception <a 'java/lang/ClassNotFoundException'{0x00000000a6fe52b8}: org/gradle/api/internal/file/copy/CopySpecWrapperCustomizer> (0x00000000a6fe52b8) thrown at [./src/hotspot/share/classfile/systemDictionary.cpp, line 231]
Event: 93.728 Thread 0x000001f066783800 Exception <a 'java/lang/ClassNotFoundException'{0x00000000a6e6c220}: org/gradle/api/internal/file/copy/CopySpecWrapper_DecoratedCustomizer> (0x00000000a6e6c220) thrown at [./src/hotspot/share/classfile/systemDictionary.cpp, line 231]
Event: 93.818 Thread 0x000001f066783800 Exception <a 'java/lang/ClassNotFoundException'{0x00000000a6ce0d68}: org/gradle/api/tasks/Copy_DecoratedBeanInfo> (0x00000000a6ce0d68) thrown at [./src/hotspot/share/classfile/systemDictionary.cpp, line 231]
Event: 93.823 Thread 0x000001f066783800 Exception <a 'java/lang/ClassNotFoundException'{0x00000000a6b14fb0}: org/gradle/api/tasks/CopyBeanInfo> (0x00000000a6b14fb0) thrown at [./src/hotspot/share/classfile/systemDictionary.cpp, line 231]
Event: 93.826 Thread 0x000001f066783800 Exception <a 'java/lang/ClassNotFoundException'{0x00000000a6b4aed8}: org/gradle/api/tasks/CopyCustomizer> (0x00000000a6b4aed8) thrown at [./src/hotspot/share/classfile/systemDictionary.cpp, line 231]
Event: 93.830 Thread 0x000001f066783800 Exception <a 'java/lang/ClassNotFoundException'{0x00000000a6b99e60}: org/gradle/api/tasks/Copy_DecoratedCustomizer> (0x00000000a6b99e60) thrown at [./src/hotspot/share/classfile/systemDictionary.cpp, line 231]
Event: 93.863 Thread 0x000001f066783800 Exception <a 'java/lang/ClassNotFoundException'{0x00000000a6abf1e0}: org/gradle/api/internal/file/copy/DefaultCopySpec_DecoratedBeanInfo> (0x00000000a6abf1e0) thrown at [./src/hotspot/share/classfile/systemDictionary.cpp, line 231]
Event: 93.865 Thread 0x000001f066783800 Exception <a 'java/lang/ClassNotFoundException'{0x00000000a6afd658}: org/gradle/api/internal/file/copy/DefaultCopySpecBeanInfo> (0x00000000a6afd658) thrown at [./src/hotspot/share/classfile/systemDictionary.cpp, line 231]
Event: 93.867 Thread 0x000001f066783800 Exception <a 'java/lang/ClassNotFoundException'{0x00000000a693e0c8}: org/gradle/api/internal/file/copy/DefaultCopySpecCustomizer> (0x00000000a693e0c8) thrown at [./src/hotspot/share/classfile/systemDictionary.cpp, line 231]
Event: 93.871 Thread 0x000001f066783800 Exception <a 'java/lang/ClassNotFoundException'{0x00000000a69d4750}: org/gradle/api/internal/file/copy/DefaultCopySpec_DecoratedCustomizer> (0x00000000a69d4750) thrown at [./src/hotspot/share/classfile/systemDictionary.cpp, line 231]
Event: 93.948 Thread 0x000001f066783800 Exception <a 'java/lang/ClassNotFoundException'{0x00000000a67d13d8}: com/android/build/gradle/tasks/MergeSourceSetFolders_DecoratedBeanInfo> (0x00000000a67d13d8) thrown at [./src/hotspot/share/classfile/systemDictionary.cpp, line 231]
Event: 93.949 Thread 0x000001f066783800 Exception <a 'java/lang/ClassNotFoundException'{0x00000000a67f2e58}: com/android/build/gradle/tasks/MergeSourceSetFoldersBeanInfo> (0x00000000a67f2e58) thrown at [./src/hotspot/share/classfile/systemDictionary.cpp, line 231]
Event: 93.950 Thread 0x000001f066783800 Exception <a 'java/lang/ClassNotFoundException'{0x00000000a6615390}: com/android/build/gradle/internal/tasks/IncrementalTaskBeanInfo> (0x00000000a6615390) thrown at [./src/hotspot/share/classfile/systemDictionary.cpp, line 231]
Event: 93.953 Thread 0x000001f066783800 Exception <a 'java/lang/ClassNotFoundException'{0x00000000a6637bb0}: com/android/build/gradle/internal/tasks/AndroidVariantTaskBeanInfo> (0x00000000a6637bb0) thrown at [./src/hotspot/share/classfile/systemDictionary.cpp, line 231]
Event: 93.955 Thread 0x000001f066783800 Exception <a 'java/lang/ClassNotFoundException'{0x00000000a6658510}: com/android/build/gradle/internal/tasks/BaseTaskBeanInfo> (0x00000000a6658510) thrown at [./src/hotspot/share/classfile/systemDictionary.cpp, line 231]
Event: 93.957 Thread 0x000001f066783800 Exception <a 'java/lang/ClassNotFoundException'{0x00000000a66795f8}: com/android/build/gradle/internal/tasks/BaseTaskCustomizer> (0x00000000a66795f8) thrown at [./src/hotspot/share/classfile/systemDictionary.cpp, line 231]
Event: 93.964 Thread 0x000001f066783800 Exception <a 'java/lang/ClassNotFoundException'{0x00000000a66adff0}: com/android/build/gradle/internal/tasks/AndroidVariantTaskCustomizer> (0x00000000a66adff0) thrown at [./src/hotspot/share/classfile/systemDictionary.cpp, line 231]
Event: 93.966 Thread 0x000001f066783800 Exception <a 'java/lang/ClassNotFoundException'{0x00000000a66df730}: com/android/build/gradle/internal/tasks/IncrementalTaskCustomizer> (0x00000000a66df730) thrown at [./src/hotspot/share/classfile/systemDictionary.cpp, line 231]
Event: 93.970 Thread 0x000001f066783800 Exception <a 'java/lang/ClassNotFoundException'{0x00000000a6513020}: com/android/build/gradle/tasks/MergeSourceSetFoldersCustomizer> (0x00000000a6513020) thrown at [./src/hotspot/share/classfile/systemDictionary.cpp, line 231]
Event: 93.975 Thread 0x000001f066783800 Exception <a 'java/lang/ClassNotFoundException'{0x00000000a6558028}: com/android/build/gradle/tasks/MergeSourceSetFolders_DecoratedCustomizer> (0x00000000a6558028) thrown at [./src/hotspot/share/classfile/systemDictionary.cpp, line 231]

Events (20 events):
Event: 93.984 loading class org/codehaus/groovy/runtime/callsite/PogoMetaMethodSite$PogoMetaMethodSiteNoUnwrapNoCoerce done
Event: 93.987 loading class org/gradle/api/provider/SetProperty
Event: 93.987 loading class org/gradle/api/provider/SetProperty done
Event: 93.987 loading class com/android/build/gradle/internal/AndroidJarInput
Event: 93.987 loading class com/android/build/gradle/internal/AndroidJarInput done
Event: 93.991 loading class org/gradle/api/tasks/InputFile
Event: 93.991 loading class org/gradle/api/tasks/InputFile done
Event: 93.992 loading class org/gradle/api/tasks/OutputFile
Event: 93.992 loading class org/gradle/api/tasks/OutputFile done
Event: 94.003 loading class org/gradle/api/internal/provider/DefaultSetProperty$1
Event: 94.003 loading class org/gradle/api/internal/provider/DefaultSetProperty$1 done
Event: 94.008 loading class org/gradle/api/NonExtensible
Event: 94.008 loading class org/gradle/api/NonExtensible done
Event: 94.019 loading class org/gradle/internal/metaobject/BeanDynamicObject
Event: 94.019 loading class org/gradle/internal/metaobject/BeanDynamicObject done
Event: 94.020 loading class com/android/build/gradle/internal/SdkComponentsKt
Event: 94.020 loading class com/android/build/gradle/internal/SdkComponentsKt done
Event: 94.023 loading class org/gradle/api/provider/HasMultipleValues
Event: 94.023 loading class org/gradle/api/provider/HasMultipleValues done
Event: 94.024 Executing VM operation: G1CollectForAllocation


Dynamic libraries:
0x00007ff615a20000 - 0x00007ff615a2a000 	D:\Android Studio\jre\bin\java.exe
0x00007ffa7ac60000 - 0x00007ffa7ae69000 	C:\Windows\SYSTEM32\ntdll.dll
0x00007ffa79a50000 - 0x00007ffa79b0d000 	C:\Windows\System32\KERNEL32.DLL
0x00007ffa78770000 - 0x00007ffa78ae9000 	C:\Windows\System32\KERNELBASE.dll
0x00007ffa783a0000 - 0x00007ffa784b1000 	C:\Windows\System32\ucrtbase.dll
0x00007ffa72330000 - 0x00007ffa72349000 	D:\Android Studio\jre\bin\jli.dll
0x00007ffa72b80000 - 0x00007ffa72b97000 	D:\Android Studio\jre\bin\VCRUNTIME140.dll
0x00007ffa7a740000 - 0x00007ffa7a8ec000 	C:\Windows\System32\USER32.dll
0x00007ffa78140000 - 0x00007ffa78166000 	C:\Windows\System32\win32u.dll
0x00007ffa5d530000 - 0x00007ffa5d7d5000 	C:\Windows\WinSxS\amd64_microsoft.windows.common-controls_6595b64144ccf1df_6.0.22000.120_none_9d947278b86cc467\COMCTL32.dll
0x00007ffa7a8f0000 - 0x00007ffa7a919000 	C:\Windows\System32\GDI32.dll
0x00007ffa7a5a0000 - 0x00007ffa7a643000 	C:\Windows\System32\msvcrt.dll
0x00007ffa784c0000 - 0x00007ffa785d2000 	C:\Windows\System32\gdi32full.dll
0x00007ffa785e0000 - 0x00007ffa7867d000 	C:\Windows\System32\msvcp_win.dll
0x00007ffa79d30000 - 0x00007ffa79d61000 	C:\Windows\System32\IMM32.DLL
0x00007ffa51850000 - 0x00007ffa518ed000 	D:\Android Studio\jre\bin\msvcp140.dll
0x00007ffa3aff0000 - 0x00007ffa3bad5000 	D:\Android Studio\jre\bin\server\jvm.dll
0x00007ffa797a0000 - 0x00007ffa7984e000 	C:\Windows\System32\ADVAPI32.dll
0x00007ffa79850000 - 0x00007ffa798ee000 	C:\Windows\System32\sechost.dll
0x00007ffa7a3d0000 - 0x00007ffa7a4f0000 	C:\Windows\System32\RPCRT4.dll
0x00007ffa79df0000 - 0x00007ffa79df8000 	C:\Windows\System32\PSAPI.DLL
0x00007ffa6fbe0000 - 0x00007ffa6fbea000 	C:\Windows\SYSTEM32\VERSION.dll
0x00007ffa71400000 - 0x00007ffa71433000 	C:\Windows\SYSTEM32\WINMM.dll
0x00007ffa4ce20000 - 0x00007ffa4ce29000 	C:\Windows\SYSTEM32\WSOCK32.dll
0x00007ffa799e0000 - 0x00007ffa79a4f000 	C:\Windows\System32\WS2_32.dll
0x00007ffa77240000 - 0x00007ffa77258000 	C:\Windows\SYSTEM32\kernel.appcore.dll
0x00007ffa70970000 - 0x00007ffa70981000 	D:\Android Studio\jre\bin\verify.dll
0x00007ffa75ef0000 - 0x00007ffa76111000 	C:\Windows\SYSTEM32\DBGHELP.DLL
0x00007ffa657f0000 - 0x00007ffa65821000 	C:\Windows\SYSTEM32\dbgcore.DLL
0x00007ffa786f0000 - 0x00007ffa7876f000 	C:\Windows\System32\bcryptPrimitives.dll
0x00007ffa59820000 - 0x00007ffa59849000 	D:\Android Studio\jre\bin\java.dll
0x00007ffa72b50000 - 0x00007ffa72b5b000 	D:\Android Studio\jre\bin\jimage.dll
0x00007ffa6b2e0000 - 0x00007ffa6b2f8000 	D:\Android Studio\jre\bin\zip.dll
0x00007ffa78b10000 - 0x00007ffa792c8000 	C:\Windows\System32\SHELL32.dll
0x00007ffa762b0000 - 0x00007ffa76b17000 	C:\Windows\SYSTEM32\windows.storage.dll
0x00007ffa79e20000 - 0x00007ffa7a199000 	C:\Windows\System32\combase.dll
0x00007ffa76140000 - 0x00007ffa762a6000 	C:\Windows\SYSTEM32\wintypes.dll
0x00007ffa7a650000 - 0x00007ffa7a73a000 	C:\Windows\System32\SHCORE.dll
0x00007ffa7a1a0000 - 0x00007ffa7a1fd000 	C:\Windows\System32\shlwapi.dll
0x00007ffa78070000 - 0x00007ffa78091000 	C:\Windows\SYSTEM32\profapi.dll
0x00007ffa5b940000 - 0x00007ffa5b95a000 	D:\Android Studio\jre\bin\net.dll
0x00007ffa70600000 - 0x00007ffa7070c000 	C:\Windows\SYSTEM32\WINHTTP.dll
0x00007ffa77670000 - 0x00007ffa776d7000 	C:\Windows\system32\mswsock.dll
0x00007ffa59130000 - 0x00007ffa59144000 	D:\Android Studio\jre\bin\nio.dll
0x00007ffa57a10000 - 0x00007ffa57a37000 	C:\Users\kishore\.gradle\native\e1d6ef7f7dcc3fd88c89a11ec53ec762bb8ba0a96d01ffa2cd45eb1d1d8dd5c5\windows-amd64\native-platform.dll
0x00007ffa3ff90000 - 0x00007ffa400d4000 	C:\Users\kishore\.gradle\native\0d407fdbe67a94daf76414ababcb853783967236a71b16ec16e742cd7a986fd3\windows-amd64\native-platform-file-events.dll
0x00007ffa6b9a0000 - 0x00007ffa6b9aa000 	D:\Android Studio\jre\bin\management.dll
0x00007ffa69130000 - 0x00007ffa6913d000 	D:\Android Studio\jre\bin\management_ext.dll
0x00007ffa778b0000 - 0x00007ffa778c8000 	C:\Windows\SYSTEM32\CRYPTSP.dll
0x00007ffa771a0000 - 0x00007ffa771d5000 	C:\Windows\system32\rsaenh.dll
0x00007ffa77760000 - 0x00007ffa77789000 	C:\Windows\SYSTEM32\USERENV.dll
0x00007ffa77aa0000 - 0x00007ffa77ac7000 	C:\Windows\SYSTEM32\bcrypt.dll
0x00007ffa778d0000 - 0x00007ffa778dc000 	C:\Windows\SYSTEM32\CRYPTBASE.dll
0x00007ffa76d70000 - 0x00007ffa76d9d000 	C:\Windows\SYSTEM32\IPHLPAPI.DLL
0x00007ffa79e00000 - 0x00007ffa79e09000 	C:\Windows\System32\NSI.dll
0x00007ffa70250000 - 0x00007ffa70269000 	C:\Windows\SYSTEM32\dhcpcsvc6.DLL
0x00007ffa715e0000 - 0x00007ffa715fe000 	C:\Windows\SYSTEM32\dhcpcsvc.DLL
0x00007ffa76de0000 - 0x00007ffa76ec8000 	C:\Windows\SYSTEM32\DNSAPI.dll

dbghelp: loaded successfully - version: 4.0.5 - missing functions: none
symbol engine: initialized successfully - sym options: 0x614 - pdb path: .;D:\Android Studio\jre\bin;C:\Windows\SYSTEM32;C:\Windows\WinSxS\amd64_microsoft.windows.common-controls_6595b64144ccf1df_6.0.22000.120_none_9d947278b86cc467;D:\Android Studio\jre\bin\server;C:\Users\kishore\.gradle\native\e1d6ef7f7dcc3fd88c89a11ec53ec762bb8ba0a96d01ffa2cd45eb1d1d8dd5c5\windows-amd64;C:\Users\kishore\.gradle\native\0d407fdbe67a94daf76414ababcb853783967236a71b16ec16e742cd7a986fd3\windows-amd64

VM Arguments:
jvm_args: --add-opens=java.base/java.util=ALL-UNNAMED --add-opens=java.base/java.lang=ALL-UNNAMED --add-opens=java.base/java.lang.invoke=ALL-UNNAMED --add-opens=java.base/java.util=ALL-UNNAMED --add-opens=java.prefs/java.util.prefs=ALL-UNNAMED --add-opens=java.prefs/java.util.prefs=ALL-UNNAMED --add-opens=java.base/java.nio.charset=ALL-UNNAMED --add-opens=java.base/java.net=ALL-UNNAMED --add-opens=java.base/java.util.concurrent.atomic=ALL-UNNAMED -Xmx1536M -Dfile.encoding=windows-1252 -Duser.country=US -Duser.language=en -Duser.variant 
java_command: org.gradle.launcher.daemon.bootstrap.GradleDaemon 7.4
java_class_path (initial): C:\Users\kishore\.gradle\wrapper\dists\gradle-7.4-all\aadb4xli5jkdsnukm30eibyiu\gradle-7.4\lib\gradle-launcher-7.4.jar
Launcher Type: SUN_STANDARD

[Global flags]
     intx CICompilerCount                          = 4                                         {product} {ergonomic}
     uint ConcGCThreads                            = 3                                         {product} {ergonomic}
     uint G1ConcRefinementThreads                  = 10                                        {product} {ergonomic}
   size_t G1HeapRegionSize                         = 1048576                                   {product} {ergonomic}
    uintx GCDrainStackTargetSize                   = 64                                        {product} {ergonomic}
   size_t InitialHeapSize                          = 98566144                                  {product} {ergonomic}
   size_t MarkStackSize                            = 4194304                                   {product} {ergonomic}
   size_t MaxHeapSize                              = 1610612736                                {product} {command line}
   size_t MaxNewSize                               = 965738496                                 {product} {ergonomic}
   size_t MinHeapDeltaBytes                        = 1048576                                   {product} {ergonomic}
    uintx NonNMethodCodeHeapSize                   = 5836300                                {pd product} {ergonomic}
    uintx NonProfiledCodeHeapSize                  = 122910970                              {pd product} {ergonomic}
    uintx ProfiledCodeHeapSize                     = 122910970                              {pd product} {ergonomic}
    uintx ReservedCodeCacheSize                    = 251658240                              {pd product} {ergonomic}
     bool SegmentedCodeCache                       = true                                      {product} {ergonomic}
     bool UseCompressedClassPointers               = true                                 {lp64_product} {ergonomic}
     bool UseCompressedOops                        = true                                 {lp64_product} {ergonomic}
     bool UseG1GC                                  = true                                      {product} {ergonomic}
     bool UseLargePagesIndividualAllocation        = false                                  {pd product} {ergonomic}

Logging:
Log output configuration:
 #0: stdout all=warning uptime,level,tags
 #1: stderr all=off uptime,level,tags

Environment Variables:
JAVA_HOME=D:\Android Studio\jre
CLASSPATH=D:\Flutter\my_kec\android\\gradle\wrapper\gradle-wrapper.jar
PATH=C:\Program Files\Common Files\Oracle\Java\javapath;C:\Windows\system32;C:\Windows;C:\Windows\System32\Wbem;C:\Windows\System32\WindowsPowerShell\v1.0\;C:\Windows\System32\OpenSSH\;D:\Nodejs\;D:\Git\cmd;C:\Users\kishore\AppData\Local\Microsoft\WindowsApps;D:\Microsoft VS Code\bin;D:\Flutter\flutter\bin;;D:\Hyper\resources\bin;C:\Users\kishore\AppData\Roaming\npm;D:\Flutter\flutter\bin\mingit\cmd
USERNAME=kishore
OS=Windows_NT
PROCESSOR_IDENTIFIER=AMD64 Family 23 Model 104 Stepping 1, AuthenticAMD



---------------  S Y S T E M  ---------------

OS: Windows 10 , 64 bit Build 22000 (10.0.22000.708)
OS uptime: 3 days 4:54 hours

CPU:total 12 (initial active 12) (12 cores per cpu, 2 threads per core) family 23 model 104 stepping 1 microcode 0x0, cmov, cx8, fxsr, mmx, sse, sse2, sse3, ssse3, sse4.1, sse4.2, popcnt, avx, avx2, aes, clmul, mmxext, 3dnowpref, lzcnt, sse4a, ht, tsc, tscinvbit, tscinv, bmi1, bmi2, adx, sha, fma

Memory: 4k page, system-wide physical 5989M (42M free)
TotalPageFile size 18853M (AvailPageFile size 23M)
current process WorkingSet (physical memory assigned to process): 239M, peak: 243M
current process commit charge ("private bytes"): 393M, peak: 417M

vm_info: OpenJDK 64-Bit Server VM (11.0.12+7-b1504.28-7817840) for windows-amd64 JRE (11.0.12+7-b1504.28-7817840), built on Oct 13 2021 22:12:33 by "builder" with MS VC++ 14.0 (VS2015)

END.
